  main.cpp
D:\tool\OpenCV\build\include\opencv2\imgcodecs.hpp(1,1): warning C4819: 该文件包含不能在当前代码页(936)中表示的字符。请将该文件保存为 Unicode 格式以防止数据丢失
  (编译源文件“main.cpp”)
  
D:\pro\BarCode\BarCode\BarCode.h(161,13): warning C4267: “参数”: 从“size_t”转换到“int”，可能丢失数据
  (编译源文件“main.cpp”)
  
D:\pro\BarCode\BarCode\ean13.h(52,21): warning C4267: “初始化”: 从“size_t”转换到“int”，可能丢失数据
  (编译源文件“main.cpp”)
  
D:\pro\BarCode\BarCode\ean13.h(56,21): warning C4267: “初始化”: 从“size_t”转换到“int”，可能丢失数据
  (编译源文件“main.cpp”)
  
D:\pro\BarCode\BarCode\ean13.h(53,18): warning C4244: “return”: 从“double”转换到“int”，可能丢失数据
  (编译源文件“main.cpp”)
  
D:\pro\BarCode\BarCode\ean13.h(57,18): warning C4244: “return”: 从“double”转换到“int”，可能丢失数据
  (编译源文件“main.cpp”)
  
D:\pro\BarCode\BarCode\ean8.h(40,21): warning C4267: “初始化”: 从“size_t”转换到“int”，可能丢失数据
  (编译源文件“main.cpp”)
  
D:\pro\BarCode\BarCode\ean8.h(44,21): warning C4267: “初始化”: 从“size_t”转换到“int”，可能丢失数据
  (编译源文件“main.cpp”)
  
D:\pro\BarCode\BarCode\ean8.h(41,18): warning C4244: “return”: 从“double”转换到“int”，可能丢失数据
  (编译源文件“main.cpp”)
  
D:\pro\BarCode\BarCode\ean8.h(45,18): warning C4244: “return”: 从“double”转换到“int”，可能丢失数据
  (编译源文件“main.cpp”)
  
  BarCode.vcxproj -> D:\pro\BarCode\x64\Debug\BarCode.exe
